<?xml version="1.0" encoding="UTF-8"?>
<!-- Generated by org.testng.reporters.JUnitXMLReporter -->
<testsuite ignored="0" hostname="DESKTOP-UO9V864" failures="0" tests="3" name="Default test" time="3.307" errors="0" timestamp="2025-12-06T19:36:08 IST">
  <testcase classname="tests.AuthTests" name="testBasicAuth" time="2.245"/>
  <testcase classname="tests.GetTests" name="validateGetRequest" time="0.357"/>
  <testcase classname="tests.PostTests" name="createUserTest" time="0.348"/>
</testsuite> <!-- Default test -->
