<?xml version="1.0" encoding="UTF-8"?>
<!-- Generated by org.testng.reporters.JUnitXMLReporter -->
<testsuite ignored="0" hostname="DESKTOP-UO9V864" failures="0" tests="3" name="Surefire test" time="3.213" errors="0" timestamp="2025-12-04T20:02:15 IST">
  <testcase classname="tests.AuthTests" name="testBasicAuth" time="2.097"/>
  <testcase classname="tests.GetTests" name="validateGetRequest" time="0.355"/>
  <testcase classname="tests.PostTests" name="createUserTest" time="0.38"/>
</testsuite> <!-- Surefire test -->
