<?xml version="1.0" encoding="UTF-8"?>
<testng-results ignored="0" total="3" passed="3" failed="0" skipped="0">
  <reporter-output>
  </reporter-output>
  <suite started-at="2025-12-06T19:36:04 IST" name="Default suite" finished-at="2025-12-06T19:36:08 IST" duration-ms="3307">
    <groups>
    </groups>
    <test started-at="2025-12-06T19:36:04 IST" name="Default test" finished-at="2025-12-06T19:36:08 IST" duration-ms="3307">
      <class name="tests.AuthTests">
        <test-method is-config="true" signature="setup()[pri:0, instance:tests.AuthTests@36bc55de]" started-at="2025-12-06T19:36:04 IST" name="setup" finished-at="2025-12-06T19:36:05 IST" duration-ms="317" status="PASS">
          <reporter-output>
          </reporter-output>
        </test-method> <!-- setup -->
        <test-method signature="testBasicAuth()[pri:0, instance:tests.AuthTests@36bc55de]" started-at="2025-12-06T19:36:05 IST" name="testBasicAuth" finished-at="2025-12-06T19:36:07 IST" duration-ms="2245" status="PASS">
          <reporter-output>
          </reporter-output>
        </test-method> <!-- testBasicAuth -->
      </class> <!-- tests.AuthTests -->
      <class name="tests.GetTests">
        <test-method is-config="true" signature="setup()[pri:0, instance:tests.GetTests@6f1de4c7]" started-at="2025-12-06T19:36:07 IST" name="setup" finished-at="2025-12-06T19:36:07 IST" duration-ms="0" status="PASS">
          <reporter-output>
          </reporter-output>
        </test-method> <!-- setup -->
        <test-method signature="validateGetRequest()[pri:0, instance:tests.GetTests@6f1de4c7]" started-at="2025-12-06T19:36:07 IST" name="validateGetRequest" finished-at="2025-12-06T19:36:07 IST" duration-ms="357" status="PASS">
          <reporter-output>
          </reporter-output>
        </test-method> <!-- validateGetRequest -->
      </class> <!-- tests.GetTests -->
      <class name="tests.PostTests">
        <test-method is-config="true" signature="setup()[pri:0, instance:tests.PostTests@459e9125]" started-at="2025-12-06T19:36:07 IST" name="setup" finished-at="2025-12-06T19:36:07 IST" duration-ms="1" status="PASS">
          <reporter-output>
          </reporter-output>
        </test-method> <!-- setup -->
        <test-method signature="createUserTest()[pri:0, instance:tests.PostTests@459e9125]" started-at="2025-12-06T19:36:07 IST" name="createUserTest" finished-at="2025-12-06T19:36:08 IST" duration-ms="348" status="PASS">
          <reporter-output>
          </reporter-output>
        </test-method> <!-- createUserTest -->
      </class> <!-- tests.PostTests -->
    </test> <!-- Default test -->
  </suite> <!-- Default suite -->
</testng-results>
