<?xml version="1.0" encoding="UTF-8"?>
<!-- Generated by org.testng.reporters.JUnitXMLReporter -->
<testsuite ignored="0" hostname="DESKTOP-UO9V864" failures="0" tests="3" name="Regression Suite" time="3.368" errors="0" timestamp="2025-12-06T19:35:50 IST">
  <testcase classname="tests.GetTests" name="validateGetRequest" time="2.209"/>
  <testcase classname="tests.PostTests" name="createUserTest" time="0.39"/>
  <testcase classname="tests.AuthTests" name="testBasicAuth" time="0.39"/>
</testsuite> <!-- Regression Suite -->
