<?xml version="1.0" encoding="UTF-8"?>
<testsuite xmlns:xsi="http://www.w3.org/2001/XMLSchema-instance" xsi:noNamespaceSchemaLocation="https://maven.apache.org/surefire/maven-surefire-plugin/xsd/surefire-test-report-3.0.xsd" version="3.0" name="TestSuite" time="3.991" tests="3" errors="0" skipped="0" failures="0">
  <properties>
[...]
</properties>
  <testcase name="testBasicAuth" classname="tests.AuthTests" time="2.099">
    <system-out><![CDATA[Request method:	GET
Request URI:	https://postman-echo.com/basic-auth
Proxy:			<none>
Request params:	<none>
Query params:	<none>
Form params:	<none>
Path params:	<none>
Headers:		Authorization=Basic cG9zdG1hbjpwYXNzd29yZA==
				Accept=*/*
Cookies:		<none>
Multiparts:		<none>
Body:			<none>
HTTP/1.1 200 OK
Date: Thu, 04 Dec 2025 14:32:14 GMT
Content-Type: application/json; charset=utf-8
Content-Length: 22
Connection: keep-alive
CF-RAY: 9a8c031358d858b8-MAA
etag: W/"16-sJz8uwjdDv0wvm7//BYdNw8vMbU"
vary: Accept-Encoding
Set-Cookie: sails.sid=s%3ARDUU5PmQfYZfBipp-e_gJ-cGkZN3PZ1s.vi%2FGIFxiuuv6hd8R1419paaY8qvwwIAD7rm89rnnnbE; Path=/; HttpOnly
Set-Cookie: __cf_bm=Z0uOXIyJ4PAJr5UqYkb8Gtmz6j7SjfAuO_jD.s5LNtw-1764858734-1.0.1.1-Rjafd5U6trVdzG.yn0ErX_FGw8gWfHCaEfq5V59gpdt_owb6qYqakTqaCaw.TnfqD_d6R2pCsj52xMTidM3mDjhvoj2OHc79ySlR6mHM5.o; path=/; expires=Thu, 04-Dec-25 15:02:14 GMT; domain=.postman-echo.com; HttpOnly; Secure; SameSite=None
Set-Cookie: _cfuvid=gVSLImY8OG4WuQWEUnjfaITrtTKRB5yRb1poTw4FmeU-1764858734953-0.0.1.1-604800000; path=/; domain=.postman-echo.com; HttpOnly; Secure; SameSite=None
x-envoy-upstream-service-time: 117
cf-cache-status: DYNAMIC
Server: cloudflare

{
    "authenticated": true
}
]]></system-out>
    <system-err><![CDATA[SLF4J: Failed to load class "org.slf4j.impl.StaticLoggerBinder".
SLF4J: Defaulting to no-operation (NOP) logger implementation
SLF4J: See http://www.slf4j.org/codes.html#StaticLoggerBinder for further details.
]]></system-err>
  </testcase>
  <testcase name="validateGetRequest" classname="tests.GetTests" time="0.354">
    <system-out><![CDATA[Request method:	GET
Request URI:	https://postman-echo.com/get?foo=bar
Proxy:			<none>
Request params:	<none>
Query params:	<none>
Form params:	<none>
Path params:	<none>
Headers:		Accept=*/*
Cookies:		<none>
Multiparts:		<none>
Body:			<none>
HTTP/1.1 200 OK
Date: Thu, 04 Dec 2025 14:32:15 GMT
Content-Type: application/json; charset=utf-8
Transfer-Encoding: chunked
Connection: keep-alive
Content-Encoding: gzip
etag: W/"e3-vJtjmuVolP3FdkrFTeoM9DhNT14"
vary: Accept-Encoding
Set-Cookie: sails.sid=s%3AOatN1tJpMHdryHKI4OoSuG3ouGZPpFnI.%2By8kUfSBGrLkHyjPqOTqeHZ1GW8XpKTz%2BOkSEigD%2Bt8; Path=/; HttpOnly
Set-Cookie: __cf_bm=jApQpEUIJyduTtY.ChzCeopEEDDIYqdrRpo9lkM_KUo-1764858735-1.0.1.1-VRFlBs5oEsjA_YTLxlg1hRqpbBFMT6yFCDJnizsqkYxyU0L3S33Q6QX_Ln5LzHFzV2LhBePPXYioU6IOBnK1f.LYxKK_eqhDmpsMwYVgoKY; path=/; expires=Thu, 04-Dec-25 15:02:15 GMT; domain=.postman-echo.com; HttpOnly; Secure; SameSite=None
Set-Cookie: _cfuvid=Fwolz80CPiESYFOlNBui16uPxNNlWKuogBfne1XIe8Q-1764858735782-0.0.1.1-604800000; path=/; domain=.postman-echo.com; HttpOnly; Secure; SameSite=None
x-envoy-upstream-service-time: 5
cf-cache-status: DYNAMIC
Server: cloudflare
CF-RAY: 9a8c03193f43b29f-MAA

{
    "args": {
        "foo": "bar"
    },
    "headers": {
        "host": "postman-echo.com",
        "accept-encoding": "gzip, br",
        "user-agent": "Apache-HttpClient/4.5.13 (Java/25)",
        "x-forwarded-proto": "https",
        "accept": "*/*"
    },
    "url": "https://postman-echo.com/get?foo=bar"
}
]]></system-out>
  </testcase>
  <testcase name="createUserTest" classname="tests.PostTests" time="0.376">
    <system-out><![CDATA[Request method:	POST
Request URI:	https://postman-echo.com/post
Proxy:			<none>
Request params:	<none>
Query params:	<none>
Form params:	<none>
Path params:	<none>
Headers:		Accept=*/*
				Content-Type=application/json
Cookies:		<none>
Multiparts:		<none>
Body:
{
    "name": "Kiran",
    "role": "QA"
}
HTTP/1.1 200 OK
Date: Thu, 04 Dec 2025 14:32:16 GMT
Content-Type: application/json; charset=utf-8
Transfer-Encoding: chunked
Connection: keep-alive
Content-Encoding: gzip
etag: W/"166-gKLZcYa8tXsGklFf94hzz+zUPkU"
vary: Accept-Encoding
Set-Cookie: sails.sid=s%3Aogl3e3ruH9GABQf7TV56BerbTKQIN4OY.4h56SMwc60BI5kszLCBQfg9asoOJnqc%2BbIBQhIJkNoE; Path=/; HttpOnly
Set-Cookie: __cf_bm=TVCYcmKaSHGsCoRUrS68fZjih4zVBCPnWktf2bow2hM-1764858736-1.0.1.1-9kP077pLHaPslWImqhQBJ2Oik6lOxNogcli2t0msrImuiSinKLa01UrT1.GbtSDlvtnPYn_EPr7RE5Vb3wAJ.1dUC0bSRzZ2sW8JMkZRYk0; path=/; expires=Thu, 04-Dec-25 15:02:16 GMT; domain=.postman-echo.com; HttpOnly; Secure; SameSite=None
Set-Cookie: _cfuvid=pY0ySbxaBIiw4eULB4rg74WEaHR_ET2z4BMa14ydksk-1764858736165-0.0.1.1-604800000; path=/; domain=.postman-echo.com; HttpOnly; Secure; SameSite=None
x-envoy-upstream-service-time: 5
cf-cache-status: DYNAMIC
Server: cloudflare
CF-RAY: 9a8c031b79b67fc2-MAA

{
    "args": {
        
    },
    "data": {
        "name": "Kiran",
        "role": "QA"
    },
    "files": {
        
    },
    "form": {
        
    },
    "headers": {
        "host": "postman-echo.com",
        "user-agent": "Apache-HttpClient/4.5.13 (Java/25)",
        "accept-encoding": "gzip, br",
        "accept": "*/*",
        "x-forwarded-proto": "https",
        "content-type": "application/json",
        "content-length": "33"
    },
    "json": {
        "name": "Kiran",
        "role": "QA"
    },
    "url": "https://postman-echo.com/post"
}
]]></system-out>
  </testcase>
</testsuite>