<?xml version="1.0" encoding="UTF-8"?>
<testng-results ignored="0" total="3" passed="3" failed="0" skipped="0">
  <reporter-output>
  </reporter-output>
  <suite started-at="2025-12-04T20:02:12 IST" name="Surefire suite" finished-at="2025-12-04T20:02:15 IST" duration-ms="3213">
    <groups>
    </groups>
    <test started-at="2025-12-04T20:02:12 IST" name="Surefire test" finished-at="2025-12-04T20:02:15 IST" duration-ms="3213">
      <class name="tests.AuthTests">
        <test-method is-config="true" signature="setup()[pri:0, instance:tests.AuthTests@351d0846]" started-at="2025-12-04T20:02:12 IST" name="setup" finished-at="2025-12-04T20:02:12 IST" duration-ms="346" status="PASS">
          <reporter-output>
          </reporter-output>
        </test-method> <!-- setup -->
        <test-method signature="testBasicAuth()[pri:0, instance:tests.AuthTests@351d0846]" started-at="2025-12-04T20:02:12 IST" name="testBasicAuth" finished-at="2025-12-04T20:02:14 IST" duration-ms="2097" status="PASS">
          <reporter-output>
          </reporter-output>
        </test-method> <!-- testBasicAuth -->
      </class> <!-- tests.AuthTests -->
      <class name="tests.GetTests">
        <test-method is-config="true" signature="setup()[pri:0, instance:tests.GetTests@77e4c80f]" started-at="2025-12-04T20:02:14 IST" name="setup" finished-at="2025-12-04T20:02:14 IST" duration-ms="1" status="PASS">
          <reporter-output>
          </reporter-output>
        </test-method> <!-- setup -->
        <test-method signature="validateGetRequest()[pri:0, instance:tests.GetTests@77e4c80f]" started-at="2025-12-04T20:02:14 IST" name="validateGetRequest" finished-at="2025-12-04T20:02:15 IST" duration-ms="355" status="PASS">
          <reporter-output>
          </reporter-output>
        </test-method> <!-- validateGetRequest -->
      </class> <!-- tests.GetTests -->
      <class name="tests.PostTests">
        <test-method signature="createUserTest()[pri:0, instance:tests.PostTests@35fc6dc4]" started-at="2025-12-04T20:02:15 IST" name="createUserTest" finished-at="2025-12-04T20:02:15 IST" duration-ms="380" status="PASS">
          <reporter-output>
          </reporter-output>
        </test-method> <!-- createUserTest -->
        <test-method is-config="true" signature="setup()[pri:0, instance:tests.PostTests@35fc6dc4]" started-at="2025-12-04T20:02:15 IST" name="setup" finished-at="2025-12-04T20:02:15 IST" duration-ms="0" status="PASS">
          <reporter-output>
          </reporter-output>
        </test-method> <!-- setup -->
      </class> <!-- tests.PostTests -->
    </test> <!-- Surefire test -->
  </suite> <!-- Surefire suite -->
</testng-results>
